<?xml version="1.0" encoding="UTF-8"?>
<testsuite xmlns:xsi="http://www.w3.org/2001/XMLSchema-instance" xsi:noNamespaceSchemaLocation="https://maven.apache.org/surefire/maven-surefire-plugin/xsd/surefire-test-report-3.0.xsd" version="3.0" name="com.fdm.propertyLah.ServiceTest.PropertyServiceTest" time="4.239" tests="6" errors="0" skipped="0" failures="0">
  <properties>
[...]
</properties>
  <testcase name="testUpdateProperty" classname="com.fdm.propertyLah.ServiceTest.PropertyServiceTest" time="0.016">
    <system-out><![CDATA[2023-07-26T08:59:03.970+08:00  INFO 27260 --- [           main] t.c.s.AnnotationConfigContextLoaderUtils : Could not detect default configuration classes for test class [com.fdm.propertyLah.ServiceTest.PropertyServiceTest]: PropertyServiceTest does not declare any static, non-private, non-final, nested classes annotated with @Configuration.
2023-07-26T08:59:03.979+08:00  INFO 27260 --- [           main] .b.t.c.SpringBootTestContextBootstrapper : Found @SpringBootConfiguration com.fdm.propertyLah.Application for test class com.fdm.propertyLah.ServiceTest.PropertyServiceTest

  .   ____          _            __ _ _
 /\\ / ___'_ __ _ _(_)_ __  __ _ \ \ \ \
( ( )\___ | '_ | '_| | '_ \/ _` | \ \ \ \
 \\/  ___)| |_)| | | | | || (_| |  ) ) ) )
  '  |____| .__|_| |_|_| |_\__, | / / / /
 =========|_|==============|___/=/_/_/_/
 :: Spring Boot ::                (v3.1.1)

2023-07-26T08:59:04.009+08:00  INFO 27260 --- [           main] c.f.p.ServiceTest.PropertyServiceTest    : Starting PropertyServiceTest using Java 17.0.7 with PID 27260 (started by jared in C:\Users\jared\eclipse-workspace\propertyLah)
2023-07-26T08:59:04.010+08:00  INFO 27260 --- [           main] c.f.p.ServiceTest.PropertyServiceTest    : No active profile set, falling back to 1 default profile: "default"
2023-07-26T08:59:04.265+08:00  INFO 27260 --- [           main] .s.d.r.c.RepositoryConfigurationDelegate : Bootstrapping Spring Data JPA repositories in DEFAULT mode.
2023-07-26T08:59:04.313+08:00  INFO 27260 --- [           main] .s.d.r.c.RepositoryConfigurationDelegate : Finished Spring Data repository scanning in 40 ms. Found 2 JPA repository interfaces.
2023-07-26T08:59:04.641+08:00  INFO 27260 --- [           main] o.hibernate.jpa.internal.util.LogHelper  : HHH000204: Processing PersistenceUnitInfo [name: default]
2023-07-26T08:59:04.722+08:00  INFO 27260 --- [           main] org.hibernate.Version                    : HHH000412: Hibernate ORM core version 6.2.5.Final
2023-07-26T08:59:04.725+08:00  INFO 27260 --- [           main] org.hibernate.cfg.Environment            : HHH000406: Using bytecode reflection optimizer
2023-07-26T08:59:04.919+08:00  INFO 27260 --- [           main] o.h.b.i.BytecodeProviderInitiator        : HHH000021: Bytecode provider name : bytebuddy
2023-07-26T08:59:04.930+08:00  INFO 27260 --- [           main] o.s.o.j.p.SpringPersistenceUnitInfo      : No LoadTimeWeaver setup: ignoring JPA class transformer
2023-07-26T08:59:04.951+08:00  INFO 27260 --- [           main] com.zaxxer.hikari.HikariDataSource       : HikariPool-1 - Starting...
2023-07-26T08:59:05.149+08:00  INFO 27260 --- [           main] com.zaxxer.hikari.pool.HikariPool        : HikariPool-1 - Added connection com.mysql.cj.jdbc.ConnectionImpl@423e35f0
2023-07-26T08:59:05.152+08:00  INFO 27260 --- [           main] com.zaxxer.hikari.HikariDataSource       : HikariPool-1 - Start completed.
2023-07-26T08:59:05.238+08:00  WARN 27260 --- [           main] org.hibernate.orm.deprecation            : HHH90000026: MySQL57Dialect has been deprecated; use org.hibernate.dialect.MySQLDialect instead
2023-07-26T08:59:05.509+08:00  INFO 27260 --- [           main] o.h.b.i.BytecodeProviderInitiator        : HHH000021: Bytecode provider name : bytebuddy
2023-07-26T08:59:06.006+08:00  INFO 27260 --- [           main] o.h.e.t.j.p.i.JtaPlatformInitiator       : HHH000490: Using JtaPlatform implementation: [org.hibernate.engine.transaction.jta.platform.internal.NoJtaPlatform]
2023-07-26T08:59:07.564+08:00  INFO 27260 --- [           main] j.LocalContainerEntityManagerFactoryBean : Initialized JPA EntityManagerFactory for persistence unit 'default'
2023-07-26T08:59:07.932+08:00  WARN 27260 --- [           main] JpaBaseConfiguration$JpaWebConfiguration : spring.jpa.open-in-view is enabled by default. Therefore, database queries may be performed during view rendering. Explicitly configure spring.jpa.open-in-view to disable this warning
2023-07-26T08:59:07.997+08:00  INFO 27260 --- [           main] o.s.s.web.DefaultSecurityFilterChain     : Will secure any request with [org.springframework.security.web.session.DisableEncodeUrlFilter@41c983d3, org.springframework.security.web.context.request.async.WebAsyncManagerIntegrationFilter@250e9655, org.springframework.security.web.context.SecurityContextHolderFilter@5b5b9038, org.springframework.security.web.header.HeaderWriterFilter@ca5456e, org.springframework.security.web.csrf.CsrfFilter@28a4ac78, org.springframework.security.web.authentication.logout.LogoutFilter@225fb905, org.springframework.security.web.authentication.UsernamePasswordAuthenticationFilter@1e019687, org.springframework.security.web.savedrequest.RequestCacheAwareFilter@56912047, org.springframework.security.web.servletapi.SecurityContextHolderAwareRequestFilter@32a8ce3, org.springframework.security.web.authentication.AnonymousAuthenticationFilter@4064cd60, org.springframework.security.web.access.ExceptionTranslationFilter@2caf282e, org.springframework.security.web.access.intercept.AuthorizationFilter@2a09e0d4]
2023-07-26T08:59:08.163+08:00  INFO 27260 --- [           main] c.f.p.ServiceTest.PropertyServiceTest    : Started PropertyServiceTest in 4.178 seconds (process running for 10.967)
]]></system-out>
  </testcase>
  <testcase name="testSaveProperty" classname="com.fdm.propertyLah.ServiceTest.PropertyServiceTest" time="0.003"/>
  <testcase name="testDeleteProperty" classname="com.fdm.propertyLah.ServiceTest.PropertyServiceTest" time="0.008"/>
  <testcase name="testSearchProperties" classname="com.fdm.propertyLah.ServiceTest.PropertyServiceTest" time="0.003"/>
  <testcase name="testGetProperty" classname="com.fdm.propertyLah.ServiceTest.PropertyServiceTest" time="0.002"/>
  <testcase name="testGetAllProperties" classname="com.fdm.propertyLah.ServiceTest.PropertyServiceTest" time="0.003"/>
</testsuite>